[2022-09-16 13:00:39,718] {taskinstance.py:1179} INFO - Dependencies all met for <TaskInstance: preprocessing_data.validate_model scheduled__2022-09-16T12:37:33.899439+00:00 [queued]>
[2022-09-16 13:00:39,723] {taskinstance.py:1179} INFO - Dependencies all met for <TaskInstance: preprocessing_data.validate_model scheduled__2022-09-16T12:37:33.899439+00:00 [queued]>
[2022-09-16 13:00:39,723] {taskinstance.py:1376} INFO - 
--------------------------------------------------------------------------------
[2022-09-16 13:00:39,723] {taskinstance.py:1377} INFO - Starting attempt 2 of 2
[2022-09-16 13:00:39,723] {taskinstance.py:1378} INFO - 
--------------------------------------------------------------------------------
[2022-09-16 13:00:39,737] {taskinstance.py:1397} INFO - Executing <Task(PythonOperator): validate_model> on 2022-09-16 12:37:33.899439+00:00
[2022-09-16 13:00:39,745] {standard_task_runner.py:52} INFO - Started process 44383 to run task
[2022-09-16 13:00:39,749] {standard_task_runner.py:79} INFO - Running: ['airflow', 'tasks', 'run', 'preprocessing_data', 'validate_model', 'scheduled__2022-09-16T12:37:33.899439+00:00', '--job-id', '344', '--raw', '--subdir', 'DAGS_FOLDER/model_dag.py', '--cfg-path', '/tmp/tmpl4e_xfz3', '--error-file', '/tmp/tmpag0svmoo']
[2022-09-16 13:00:39,749] {standard_task_runner.py:80} INFO - Job 344: Subtask validate_model
[2022-09-16 13:00:39,802] {task_command.py:371} INFO - Running <TaskInstance: preprocessing_data.validate_model scheduled__2022-09-16T12:37:33.899439+00:00 [running]> on host rc1b-dataproc-m-xzxwmqcudfo0foh0.mdb.yandexcloud.net
[2022-09-16 13:00:39,844] {taskinstance.py:1589} INFO - Exporting the following env vars:
AIRFLOW_CTX_DAG_EMAIL=airflow@example.com
AIRFLOW_CTX_DAG_OWNER=airflow
AIRFLOW_CTX_DAG_ID=preprocessing_data
AIRFLOW_CTX_TASK_ID=validate_model
AIRFLOW_CTX_EXECUTION_DATE=2022-09-16T12:37:33.899439+00:00
AIRFLOW_CTX_TRY_NUMBER=2
AIRFLOW_CTX_DAG_RUN_ID=scheduled__2022-09-16T12:37:33.899439+00:00
[2022-09-16 13:00:55,544] {logging_mixin.py:115} WARNING - 2022/09/16 13:00:55 INFO mlflow.spark: 'runs:/e9c0baa7f919475a9e63a5a6aa61bef7/model' resolved as 's3://otus-bigdata-dima-ioksha/1/e9c0baa7f919475a9e63a5a6aa61bef7/artifacts/model'
[2022-09-16 13:00:55,625] {credentials.py:1094} INFO - Found credentials in environment variables.
[2022-09-16 13:00:56,144] {logging_mixin.py:115} WARNING - 2022/09/16 13:00:56 INFO mlflow.spark: URI 's3://otus-bigdata-dima-ioksha/1/e9c0baa7f919475a9e63a5a6aa61bef7/artifacts/model/sparkml' does not point to the current DFS.
[2022-09-16 13:00:56,144] {logging_mixin.py:115} WARNING - 2022/09/16 13:00:56 INFO mlflow.spark: File 's3://otus-bigdata-dima-ioksha/1/e9c0baa7f919475a9e63a5a6aa61bef7/artifacts/model/sparkml' not found on DFS. Will attempt to upload the file.
[2022-09-16 13:00:56,869] {logging_mixin.py:115} WARNING - 2022/09/16 13:00:56 INFO mlflow.spark: Copied SparkML model to /tmp/mlflow/ba9ee624-9e43-4705-96e9-f250f809ce16
[2022-09-16 13:01:04,247] {logging_mixin.py:115} WARNING - 2022/09/16 13:01:04 INFO mlflow.spark: 'runs:/e9c0baa7f919475a9e63a5a6aa61bef7/pipeline' resolved as 's3://otus-bigdata-dima-ioksha/1/e9c0baa7f919475a9e63a5a6aa61bef7/artifacts/pipeline'
[2022-09-16 13:01:04,731] {logging_mixin.py:115} WARNING - 2022/09/16 13:01:04 INFO mlflow.spark: URI 's3://otus-bigdata-dima-ioksha/1/e9c0baa7f919475a9e63a5a6aa61bef7/artifacts/pipeline/sparkml' does not point to the current DFS.
[2022-09-16 13:01:04,731] {logging_mixin.py:115} WARNING - 2022/09/16 13:01:04 INFO mlflow.spark: File 's3://otus-bigdata-dima-ioksha/1/e9c0baa7f919475a9e63a5a6aa61bef7/artifacts/pipeline/sparkml' not found on DFS. Will attempt to upload the file.
[2022-09-16 13:01:05,449] {logging_mixin.py:115} WARNING - 2022/09/16 13:01:05 INFO mlflow.spark: Copied SparkML model to /tmp/mlflow/ccebe873-77e9-42b3-a7cf-cd99bcc554cd
[2022-09-16 13:01:42,809] {taskinstance.py:1909} ERROR - Task failed with exception
Traceback (most recent call last):
  File "/home/ubuntu/.local/lib/python3.8/site-packages/airflow/operators/python.py", line 171, in execute
    return_value = self.execute_callable()
  File "/home/ubuntu/.local/lib/python3.8/site-packages/airflow/operators/python.py", line 189, in execute_callable
    return self.python_callable(*self.op_args, **self.op_kwargs)
  File "/home/ubuntu/fraud-detection-ml/utils/validate_model.py", line 81, in validate_model
    current_model_metric = _get_bootstraped_metric_for_model(model, transformed_test_df)
  File "/home/ubuntu/fraud-detection-ml/utils/validate_model.py", line 46, in _get_bootstraped_metric_for_model
    scores.loc[i, "F1"] = f1_score(sample["y_test"], sample["y_pred"])
TypeError: 'float' object is not callable
[2022-09-16 13:01:42,814] {taskinstance.py:1415} INFO - Marking task as FAILED. dag_id=preprocessing_data, task_id=validate_model, execution_date=20220916T123733, start_date=20220916T130039, end_date=20220916T130142
[2022-09-16 13:01:42,826] {standard_task_runner.py:92} ERROR - Failed to execute job 344 for task validate_model ('float' object is not callable; 44383)
[2022-09-16 13:01:42,873] {local_task_job.py:156} INFO - Task exited with return code 1
[2022-09-16 13:01:42,884] {local_task_job.py:273} INFO - 0 downstream tasks scheduled from follow-on schedule check
