[2022-09-16 13:54:09,870] {taskinstance.py:1179} INFO - Dependencies all met for <TaskInstance: preprocessing_data.fit_model scheduled__2022-09-16T13:40:44.553876+00:00 [queued]>
[2022-09-16 13:54:09,875] {taskinstance.py:1179} INFO - Dependencies all met for <TaskInstance: preprocessing_data.fit_model scheduled__2022-09-16T13:40:44.553876+00:00 [queued]>
[2022-09-16 13:54:09,876] {taskinstance.py:1376} INFO - 
--------------------------------------------------------------------------------
[2022-09-16 13:54:09,876] {taskinstance.py:1377} INFO - Starting attempt 1 of 2
[2022-09-16 13:54:09,876] {taskinstance.py:1378} INFO - 
--------------------------------------------------------------------------------
[2022-09-16 13:54:09,890] {taskinstance.py:1397} INFO - Executing <Task(PythonOperator): fit_model> on 2022-09-16 13:40:44.553876+00:00
[2022-09-16 13:54:09,896] {standard_task_runner.py:52} INFO - Started process 75611 to run task
[2022-09-16 13:54:09,900] {standard_task_runner.py:79} INFO - Running: ['airflow', 'tasks', 'run', 'preprocessing_data', 'fit_model', 'scheduled__2022-09-16T13:40:44.553876+00:00', '--job-id', '373', '--raw', '--subdir', 'DAGS_FOLDER/model_dag.py', '--cfg-path', '/tmp/tmpr2kwmqpq', '--error-file', '/tmp/tmpyjqj2rzm']
[2022-09-16 13:54:09,901] {standard_task_runner.py:80} INFO - Job 373: Subtask fit_model
[2022-09-16 13:54:09,949] {task_command.py:371} INFO - Running <TaskInstance: preprocessing_data.fit_model scheduled__2022-09-16T13:40:44.553876+00:00 [running]> on host rc1b-dataproc-m-xzxwmqcudfo0foh0.mdb.yandexcloud.net
[2022-09-16 13:54:10,008] {taskinstance.py:1589} INFO - Exporting the following env vars:
AIRFLOW_CTX_DAG_EMAIL=airflow@example.com
AIRFLOW_CTX_DAG_OWNER=airflow
AIRFLOW_CTX_DAG_ID=preprocessing_data
AIRFLOW_CTX_TASK_ID=fit_model
AIRFLOW_CTX_EXECUTION_DATE=2022-09-16T13:40:44.553876+00:00
AIRFLOW_CTX_TRY_NUMBER=1
AIRFLOW_CTX_DAG_RUN_ID=scheduled__2022-09-16T13:40:44.553876+00:00
[2022-09-16 13:54:10,010] {train_model.py:37} INFO - GOT INTO TRAIN FUNCTION
[2022-09-16 13:54:10,017] {train_model.py:42} INFO - Data path: /user/airflow/processed_files/slice_of_80_90.parquet
[2022-09-16 13:54:15,744] {process_utils.py:125} INFO - Sending Signals.SIGTERM to group 75611. PIDs of all processes in the group: [75612, 75611]
[2022-09-16 13:54:15,744] {process_utils.py:80} INFO - Sending the signal Signals.SIGTERM to group 75611
[2022-09-16 13:54:15,744] {taskinstance.py:1561} ERROR - Received SIGTERM. Terminating subprocesses.
[2022-09-16 13:54:15,746] {java_gateway.py:1210} INFO - Error while receiving.
Traceback (most recent call last):
  File "/usr/lib/spark/python/lib/py4j-0.10.9-src.zip/py4j/java_gateway.py", line 1200, in send_command
    answer = smart_decode(self.stream.readline()[:-1])
  File "/opt/conda/lib/python3.8/socket.py", line 669, in readinto
    return self._sock.recv_into(b)
  File "/home/ubuntu/.local/lib/python3.8/site-packages/airflow/models/taskinstance.py", line 1563, in signal_handler
    raise AirflowException("Task received SIGTERM signal")
airflow.exceptions.AirflowException: Task received SIGTERM signal
[2022-09-16 13:54:15,749] {java_gateway.py:1050} ERROR - Exception while sending command.
Traceback (most recent call last):
  File "/usr/lib/spark/python/lib/py4j-0.10.9-src.zip/py4j/java_gateway.py", line 1200, in send_command
    answer = smart_decode(self.stream.readline()[:-1])
  File "/opt/conda/lib/python3.8/socket.py", line 669, in readinto
    return self._sock.recv_into(b)
  File "/home/ubuntu/.local/lib/python3.8/site-packages/airflow/models/taskinstance.py", line 1563, in signal_handler
    raise AirflowException("Task received SIGTERM signal")
airflow.exceptions.AirflowException: Task received SIGTERM signal

During handling of the above exception, another exception occurred:

Traceback (most recent call last):
  File "/usr/lib/spark/python/lib/py4j-0.10.9-src.zip/py4j/java_gateway.py", line 1033, in send_command
    response = connection.send_command(command)
  File "/usr/lib/spark/python/lib/py4j-0.10.9-src.zip/py4j/java_gateway.py", line 1211, in send_command
    raise Py4JNetworkError(
py4j.protocol.Py4JNetworkError: Error while receiving
[2022-09-16 13:54:15,750] {taskinstance.py:1909} ERROR - Task failed with exception
Traceback (most recent call last):
  File "/home/ubuntu/.local/lib/python3.8/site-packages/airflow/operators/python.py", line 171, in execute
    return_value = self.execute_callable()
  File "/home/ubuntu/.local/lib/python3.8/site-packages/airflow/operators/python.py", line 189, in execute_callable
    return self.python_callable(*self.op_args, **self.op_kwargs)
  File "/home/ubuntu/fraud-detection-ml/utils/train_model.py", line 43, in train_model
    spark = SparkSession.builder.appName("train_model").master(
  File "/usr/lib/spark/python/pyspark/sql/session.py", line 186, in getOrCreate
    sc = SparkContext.getOrCreate(sparkConf)
  File "/usr/lib/spark/python/pyspark/context.py", line 378, in getOrCreate
    SparkContext(conf=conf or SparkConf())
  File "/usr/lib/spark/python/pyspark/context.py", line 135, in __init__
    self._do_init(master, appName, sparkHome, pyFiles, environment, batchSize, serializer,
  File "/usr/lib/spark/python/pyspark/context.py", line 198, in _do_init
    self._jsc = jsc or self._initialize_context(self._conf._jconf)
  File "/usr/lib/spark/python/pyspark/context.py", line 317, in _initialize_context
    return self._jvm.JavaSparkContext(jconf)
  File "/usr/lib/spark/python/lib/py4j-0.10.9-src.zip/py4j/java_gateway.py", line 1568, in __call__
    return_value = get_return_value(
  File "/usr/lib/spark/python/lib/py4j-0.10.9-src.zip/py4j/protocol.py", line 334, in get_return_value
    raise Py4JError(
py4j.protocol.Py4JError: An error occurred while calling None.org.apache.spark.api.java.JavaSparkContext
[2022-09-16 13:54:15,773] {taskinstance.py:1415} INFO - Marking task as UP_FOR_RETRY. dag_id=preprocessing_data, task_id=fit_model, execution_date=20220916T134044, start_date=20220916T135409, end_date=20220916T135415
[2022-09-16 13:54:15,791] {standard_task_runner.py:92} ERROR - Failed to execute job 373 for task fit_model (An error occurred while calling None.org.apache.spark.api.java.JavaSparkContext; 75611)
[2022-09-16 13:54:16,199] {process_utils.py:75} INFO - Process psutil.Process(pid=75612, status='terminated', started='13:54:09') (75612) terminated with exit code None
[2022-09-16 13:54:16,200] {process_utils.py:75} INFO - Process psutil.Process(pid=75611, status='terminated', exitcode=1, started='13:54:09') (75611) terminated with exit code 1
